<?xml version="1.0" encoding="UTF-8"?>
<!-- Generated by org.testng.reporters.JUnitReportReporter -->
<testsuite hostname="GauravB-LT" name="Academy.HomePage" tests="2" failures="0" timestamp="12 Mar 2019 03:32:33 GMT" time="29.619" errors="0">
  <testcase name="pageNavigationTest" time="11.069" classname="Academy.HomePage"/>
  <testcase name="pageNavigationTest" time="18.550" classname="Academy.HomePage"/>
</testsuite> <!-- Academy.HomePage -->
