<?xml version="1.0" encoding="UTF-8"?>
<!-- Generated by org.testng.reporters.JUnitReportReporter -->
<testsuite hostname="GauravB-LT" name="Academy.ValidateText" tests="1" failures="0" timestamp="12 Mar 2019 03:32:33 GMT" time="3.139" errors="0">
  <testcase name="pageNavigationTest" time="3.139" classname="Academy.ValidateText"/>
</testsuite> <!-- Academy.ValidateText -->
