<?xml version="1.0" encoding="UTF-8"?>
<!-- Generated by org.testng.reporters.JUnitReportReporter -->
<testsuite hostname="GauravB-LT" name="Academy.HomePage" tests="2" failures="0" timestamp="14 Mar 2019 14:30:50 GMT" time="66.958" errors="0">
  <testcase name="pageNavigationTest" time="53.409" classname="Academy.HomePage"/>
  <testcase name="pageNavigationTest" time="13.549" classname="Academy.HomePage"/>
</testsuite> <!-- Academy.HomePage -->
