<?xml version="1.0" encoding="UTF-8"?>
<!-- Generated by org.testng.reporters.JUnitReportReporter -->
<testsuite hostname="GauravB-LT" name="Academy.ValidateText" tests="1" failures="0" timestamp="14 Mar 2019 14:30:50 GMT" time="16.692" errors="0">
  <testcase name="pageNavigationTest" time="16.692" classname="Academy.ValidateText"/>
</testsuite> <!-- Academy.ValidateText -->
