<?xml version="1.0" encoding="UTF-8"?>
<!-- Generated by org.testng.reporters.JUnitReportReporter -->
<testsuite hostname="GauravB-LT" name="Academy.HomePage" tests="2" failures="0" timestamp="16 Mar 2019 08:13:43 GMT" time="29.518" errors="0">
  <testcase name="pageNavigationTest" time="19.670" classname="Academy.HomePage"/>
  <testcase name="pageNavigationTest" time="9.848" classname="Academy.HomePage"/>
</testsuite> <!-- Academy.HomePage -->
