<?xml version="1.0" encoding="UTF-8"?>
<!-- Generated by org.testng.reporters.JUnitReportReporter -->
<testsuite hostname="GauravB-LT" name="Academy.ValidateText" tests="1" failures="0" timestamp="16 Mar 2019 08:13:43 GMT" time="13.995" errors="0">
  <testcase name="pageNavigationTest" time="13.995" classname="Academy.ValidateText"/>
</testsuite> <!-- Academy.ValidateText -->
